BNOVO_RESERVED_117122024-07-28 14:22:09:
UPDATE b_hlbd_room_offers SET UF_RESERVED=0 WHERE id IN (341794,341795)

BNOVO_RESERVED_117122024-07-28 15:11:44:
UPDATE b_hlbd_room_offers SET UF_RESERVED=0 WHERE id IN (342194,342195,1353514)

BNOVO_RESERVED_117122024-07-28 18:03:58:
UPDATE b_hlbd_room_offers SET UF_RESERVED=0 WHERE id IN (1354618)

BNOVO_RESERVED_117122024-07-28 18:05:31:
UPDATE b_hlbd_room_offers SET UF_RESERVED=0 WHERE id IN (340986,341386)

BNOVO_RESERVED_117122024-07-28 18:52:24:
UPDATE b_hlbd_room_offers SET UF_RESERVED=0 WHERE id IN (1355707,1357171)

BNOVO_RESERVED_117122024-07-29 01:48:01:
UPDATE b_hlbd_room_offers SET UF_RESERVED=0 WHERE id IN (1356085,1356817)

BNOVO_RESERVED_117122024-07-29 08:34:28:
UPDATE b_hlbd_room_offers SET UF_RESERVED=0 WHERE id IN (1354619)

BNOVO_RESERVED_117122024-07-29 21:03:31:
UPDATE b_hlbd_room_offers SET UF_RESERVED=0 WHERE id IN (1575441,1575442,1575443,1575807,1575808,1575809)

BNOVO_RESERVED_117122024-07-30 19:50:00:
UPDATE b_hlbd_room_offers SET UF_RESERVED=0 WHERE id IN (1354610)

BNOVO_RESERVED_117122024-07-30 21:24:38:
UPDATE b_hlbd_room_offers SET UF_RESERVED=0 WHERE id IN (340183,340184,340583,340584,1354982,1354983,1355348,1355349)

BNOVO_RESERVED_117122024-07-31 10:50:21:
UPDATE b_hlbd_room_offers SET UF_RESERVED=0 WHERE id IN (1353897,1354263)

BNOVO_RESERVED_117122024-07-31 11:49:16:
UPDATE b_hlbd_room_offers SET UF_RESERVED=0 WHERE id IN (1354627,1354628)

BNOVO_RESERVED_117122024-07-31 21:08:46:
UPDATE b_hlbd_room_offers SET UF_RESERVED=0 WHERE id IN (1356154,1356155,1356886,1356887)

BNOVO_RESERVED_117122024-08-01 10:32:20:
UPDATE b_hlbd_room_offers SET UF_RESERVED=0 WHERE id IN (341005,341405)

BNOVO_RESERVED_117122024-08-01 12:43:09:
UPDATE b_hlbd_room_offers SET UF_RESERVED=0 WHERE id IN (1354990,1355356)

BNOVO_RESERVED_117122024-08-01 12:43:09:
UPDATE b_hlbd_room_offers SET UF_RESERVED=0 WHERE id IN (1354990,1355356)

BNOVO_RESERVED_117122024-08-01 21:30:06:
UPDATE b_hlbd_room_offers SET UF_RESERVED=0 WHERE id IN (1354988,1354989,1355354,1355355)

BNOVO_RESERVED_117122024-08-01 23:44:33:
UPDATE b_hlbd_room_offers SET UF_RESERVED=0 WHERE id IN (342585,342985)

BNOVO_RESERVED_117122024-08-02 07:28:16:
UPDATE b_hlbd_room_offers SET UF_RESERVED=0 WHERE id IN (344580,344581,344980,344981)

BNOVO_RESERVED_117122024-08-02 08:41:22:
UPDATE b_hlbd_room_offers SET UF_RESERVED=0 WHERE id IN (1358273,1358274,1358639,1358640)

BNOVO_RESERVED_117122024-08-02 09:20:01:
UPDATE b_hlbd_room_offers SET UF_RESERVED=0 WHERE id IN (1356077,1356078,1356809,1356810)

