BNOVO_RESERVED_117122024-07-22 23:01:06:
UPDATE b_hlbd_room_offers SET UF_RESERVED=1 WHERE id IN (1354640,1354641,1354642)

BNOVO_RESERVED_117122024-07-22 23:53:15:
UPDATE b_hlbd_room_offers SET UF_RESERVED=1 WHERE id IN (1354613,1354614)

BNOVO_RESERVED_117122024-07-23 10:50:23:
UPDATE b_hlbd_room_offers SET UF_RESERVED=1 WHERE id IN (1354970,1354971)

BNOVO_RESERVED_117122024-07-23 11:15:22:
UPDATE b_hlbd_room_offers SET UF_RESERVED=1 WHERE id IN (1353915,1353916,1353917,1353918)

BNOVO_RESERVED_117122024-07-23 12:30:23:
UPDATE b_hlbd_room_offers SET UF_RESERVED=1 WHERE id IN (1358280,1358281,1358282,1358283,1358284)

BNOVO_RESERVED_117122024-07-23 12:30:35:
UPDATE b_hlbd_room_offers SET UF_RESERVED=1 WHERE id IN (344586,344587)

BNOVO_UNRESERVED_117122024-07-23 13:49:14:
UPDATE b_hlbd_room_offers SET UF_RESERVED=0 WHERE id IN (1357534)

BNOVO_RESERVED_117122024-07-23 14:42:18:
UPDATE b_hlbd_room_offers SET UF_RESERVED=1 WHERE id IN (340982,340983,340984,340985)

BNOVO_UNRESERVED_117122024-07-23 15:37:19:
UPDATE b_hlbd_room_offers SET UF_RESERVED=0 WHERE id IN (1353915,1353916,1353917,1353918)

BNOVO_UNRESERVED_117122024-07-23 15:44:13:
UPDATE b_hlbd_room_offers SET UF_RESERVED=0 WHERE id IN (1354610,1354611)

BNOVO_RESERVED_117122024-07-23 15:44:32:
UPDATE b_hlbd_room_offers SET UF_RESERVED=1 WHERE id IN (1354638,1354639)

BNOVO_RESERVED_117122024-07-23 19:30:34:
UPDATE b_hlbd_room_offers SET UF_RESERVED=1 WHERE id IN (1575435,1575436)

BNOVO_RESERVED_117122024-07-24 12:27:12:
UPDATE b_hlbd_room_offers SET UF_RESERVED=1 WHERE id IN (1354620,1354621)

BNOVO_RESERVED_117122024-07-24 12:48:20:
UPDATE b_hlbd_room_offers SET UF_RESERVED=1 WHERE id IN (340175,340176)

BNOVO_RESERVED_117122024-07-24 14:57:51:
UPDATE b_hlbd_room_offers SET UF_RESERVED=1 WHERE id IN (340215,340216)

BNOVO_RESERVED_117122024-07-24 14:57:52:
UPDATE b_hlbd_room_offers SET UF_RESERVED=1 WHERE id IN (1353184,1353185)

BNOVO_RESERVED_117122024-07-24 14:57:52:
UPDATE b_hlbd_room_offers SET UF_RESERVED=1 WHERE id IN (1355014,1355015)

BNOVO_UNRESERVED_117122024-07-24 15:39:08:
UPDATE b_hlbd_room_offers SET UF_RESERVED=0 WHERE id IN (1354620,1354621)

BNOVO_RESERVED_117122024-07-24 18:22:32:
UPDATE b_hlbd_room_offers SET UF_RESERVED=1 WHERE id IN (1356438)

BNOVO_RESERVED_117122024-07-24 18:54:29:
UPDATE b_hlbd_room_offers SET UF_RESERVED=1 WHERE id IN (341022)

BNOVO_RESERVED_117122024-07-25 08:30:58:
UPDATE b_hlbd_room_offers SET UF_RESERVED=1 WHERE id IN (340177)

BNOVO_RESERVED_117122024-07-25 09:28:37:
UPDATE b_hlbd_room_offers SET UF_RESERVED=1 WHERE id IN (1353900,1353901)

BNOVO_RESERVED_117122024-07-25 11:22:25:
UPDATE b_hlbd_room_offers SET UF_RESERVED=1 WHERE id IN (1357552,1357553)

BNOVO_RESERVED_117122024-07-25 11:33:05:
UPDATE b_hlbd_room_offers SET UF_RESERVED=1 WHERE id IN (1357548,1357549)

BNOVO_UNRESERVED_117122024-07-25 13:22:02:
UPDATE b_hlbd_room_offers SET UF_RESERVED=0 WHERE id IN (1357552,1357553)

BNOVO_RESERVED_117122024-07-25 13:39:12:
UPDATE b_hlbd_room_offers SET UF_RESERVED=1 WHERE id IN (1357546,1357547)

BNOVO_RESERVED_117122024-07-25 15:19:28:
UPDATE b_hlbd_room_offers SET UF_RESERVED=1 WHERE id IN (1357533,1357534)

BNOVO_RESERVED_117122024-07-25 18:56:40:
UPDATE b_hlbd_room_offers SET UF_RESERVED=1 WHERE id IN (1575440)

BNOVO_RESERVED_117122024-07-25 19:00:21:
UPDATE b_hlbd_room_offers SET UF_RESERVED=1 WHERE id IN (1353886,1353887)

BNOVO_RESERVED_117122024-07-25 19:00:43:
UPDATE b_hlbd_room_offers SET UF_RESERVED=1 WHERE id IN (1575433)

BNOVO_RESERVED_117122024-07-25 19:39:30:
UPDATE b_hlbd_room_offers SET UF_RESERVED=1 WHERE id IN (1358277,1358278)

BNOVO_RESERVED_117122024-07-25 21:07:07:
UPDATE b_hlbd_room_offers SET UF_RESERVED=1 WHERE id IN (1356080,1356081,1356082,1356083)

BNOVO_RESERVED_117122024-07-25 23:13:27:
UPDATE b_hlbd_room_offers SET UF_RESERVED=1 WHERE id IN (340179)

BNOVO_UNRESERVED_117122024-07-26 01:13:02:
UPDATE b_hlbd_room_offers SET UF_RESERVED=0 WHERE id IN (340179)

BNOVO_RESERVED_117122024-07-26 07:51:51:
UPDATE b_hlbd_room_offers SET UF_RESERVED=1 WHERE id IN (1355128,1355129,1355130,1355131,1355132,1355133)

BNOVO_RESERVED_117122024-07-26 07:58:54:
UPDATE b_hlbd_room_offers SET UF_RESERVED=1 WHERE id IN (1354975,1354976)

BNOVO_RESERVED_117122024-07-26 11:43:34:
UPDATE b_hlbd_room_offers SET UF_RESERVED=1 WHERE id IN (1355706)

BNOVO_RESERVED_117122024-07-26 13:18:59:
UPDATE b_hlbd_room_offers SET UF_RESERVED=1 WHERE id IN (1356449,1356450,1356451)

BNOVO_UNRESERVED_117122024-07-26 17:34:18:
UPDATE b_hlbd_room_offers SET UF_RESERVED=0 WHERE id IN (1353148)

BNOVO_RESERVED_117122024-07-27 11:38:25:
UPDATE b_hlbd_room_offers SET UF_RESERVED=1 WHERE id IN (342575)

BNOVO_RESERVED_117122024-07-27 12:39:27:
UPDATE b_hlbd_room_offers SET UF_RESERVED=1 WHERE id IN (1353916,1353917)

BNOVO_RESERVED_117122024-07-27 13:28:40:
UPDATE b_hlbd_room_offers SET UF_RESERVED=1 WHERE id IN (1354610)

BNOVO_RESERVED_117122024-07-27 20:21:06:
UPDATE b_hlbd_room_offers SET UF_RESERVED=1 WHERE id IN (1357537,1357538)

BNOVO_RESERVED_117122024-07-28 11:49:12:
UPDATE b_hlbd_room_offers SET UF_RESERVED=1 WHERE id IN (1356441,1356442)

BNOVO_RESERVED_117122024-07-28 13:36:21:
UPDATE b_hlbd_room_offers SET UF_RESERVED=1 WHERE id IN (340575,340576,342975,1575799,1357903,1357170,1355341)

