BNOVO_UNRESERVED_117122024-07-28 15:11:44:
UPDATE b_hlbd_room_offers SET UF_RESERVED=1 WHERE id IN (1354252,1354253,1354266,1354267,1354282,1354283,340577,340615,340616,341382,341383,341384,341385,341422,1358643,1358644,1358646,1358647,1358648,1358649,1358650,1353550,1353551,1575801,1575802,1575806,344986,344987,1357904,1357912,1357913,1357914,1357915,1356812,1356813,1356814,1356815,1355342,1355380,1355381)

BNOVO_UNRESERVED_117122024-07-28 18:05:36:
UPDATE b_hlbd_room_offers SET UF_RESERVED=1 WHERE id IN (340998,340999,341398,341399)

BNOVO_UNRESERVED_117122024-07-28 18:56:28:
UPDATE b_hlbd_room_offers SET UF_RESERVED=1 WHERE id IN (341794,341795,342194,342195)

BNOVO_UNRESERVED_117122024-07-28 19:19:13:
UPDATE b_hlbd_room_offers SET UF_RESERVED=1 WHERE id IN (342583,342584,342983,342984)

BNOVO_UNRESERVED_117122024-07-28 20:38:22:
UPDATE b_hlbd_room_offers SET UF_RESERVED=1 WHERE id IN (341782,341783,341784,342182,342183,342184)

BNOVO_UNRESERVED_117122024-07-28 23:48:02:
UPDATE b_hlbd_room_offers SET UF_RESERVED=1 WHERE id IN (1356085,1356817)

BNOVO_UNRESERVED_117122024-07-29 10:18:52:
UPDATE b_hlbd_room_offers SET UF_RESERVED=1 WHERE id IN (1357543,1357909)

BNOVO_UNRESERVED_117122024-07-29 10:23:03:
UPDATE b_hlbd_room_offers SET UF_RESERVED=1 WHERE id IN (342577,342578,342977,342978)

BNOVO_UNRESERVED_117122024-07-29 11:31:54:
UPDATE b_hlbd_room_offers SET UF_RESERVED=1 WHERE id IN (1355712,1357176)

BNOVO_UNRESERVED_117122024-07-29 12:22:08:
UPDATE b_hlbd_room_offers SET UF_RESERVED=1 WHERE id IN (1353893,1354259)

BNOVO_UNRESERVED_117122024-07-29 12:22:08:
UPDATE b_hlbd_room_offers SET UF_RESERVED=1 WHERE id IN (1353893,1354259)

BNOVO_UNRESERVED_117122024-07-29 13:32:48:
UPDATE b_hlbd_room_offers SET UF_RESERVED=1 WHERE id IN (1353160,1353161,1353526,1353527)

BNOVO_UNRESERVED_117122024-07-29 19:56:01:
UPDATE b_hlbd_room_offers SET UF_RESERVED=1 WHERE id IN (1356085,1356817)

BNOVO_UNRESERVED_117122024-07-29 19:58:44:
UPDATE b_hlbd_room_offers SET UF_RESERVED=1 WHERE id IN (1353152,1353153,1353154,1353518,1353519,1353520)

BNOVO_UNRESERVED_117122024-07-29 20:36:56:
UPDATE b_hlbd_room_offers SET UF_RESERVED=1 WHERE id IN (1575441,1575442,1575443,1575807,1575808,1575809)

BNOVO_UNRESERVED_117122024-07-29 20:56:02:
UPDATE b_hlbd_room_offers SET UF_RESERVED=1 WHERE id IN (1354623,1354624,1354625,1354626)

BNOVO_UNRESERVED_117122024-07-29 21:03:37:
UPDATE b_hlbd_room_offers SET UF_RESERVED=1 WHERE id IN (1575449,1575450,1575451,1575815,1575816,1575817)

BNOVO_UNRESERVED_117122024-07-30 07:59:48:
UPDATE b_hlbd_room_offers SET UF_RESERVED=1 WHERE id IN (1353150,1353516)

BNOVO_UNRESERVED_117122024-07-30 11:13:25:
UPDATE b_hlbd_room_offers SET UF_RESERVED=1 WHERE id IN (340183,340184,340583,340584,1354982,1354983,1355348,1355349)

BNOVO_UNRESERVED_117122024-07-30 11:13:25:
UPDATE b_hlbd_room_offers SET UF_RESERVED=1 WHERE id IN (340183,340184,340583,340584,1354982,1354983,1355348,1355349)

BNOVO_UNRESERVED_117122024-07-30 11:13:25:
UPDATE b_hlbd_room_offers SET UF_RESERVED=1 WHERE id IN (340183,340184,340583,340584,1354982,1354983,1355348,1355349)

BNOVO_UNRESERVED_117122024-07-30 12:25:26:
UPDATE b_hlbd_room_offers SET UF_RESERVED=1 WHERE id IN (1354619)

BNOVO_UNRESERVED_117122024-07-30 14:26:18:
UPDATE b_hlbd_room_offers SET UF_RESERVED=1 WHERE id IN (1354620)

BNOVO_UNRESERVED_117122024-07-30 14:26:18:
UPDATE b_hlbd_room_offers SET UF_RESERVED=1 WHERE id IN (1354620)

BNOVO_UNRESERVED_117122024-07-30 17:27:52:
UPDATE b_hlbd_room_offers SET UF_RESERVED=1 WHERE id IN (1353940,1354306)

BNOVO_UNRESERVED_117122024-07-30 18:37:51:
UPDATE b_hlbd_room_offers SET UF_RESERVED=1 WHERE id IN (1354627,1354628)

BNOVO_UNRESERVED_117122024-07-30 20:42:08:
UPDATE b_hlbd_room_offers SET UF_RESERVED=1 WHERE id IN (1356094,1356095,1356096,1356097,1356826,1356827,1356828,1356829)

BNOVO_UNRESERVED_117122024-07-30 21:46:09:
UPDATE b_hlbd_room_offers SET UF_RESERVED=1 WHERE id IN (1353147,1353513)

BNOVO_UNRESERVED_117122024-07-30 22:02:49:
UPDATE b_hlbd_room_offers SET UF_RESERVED=1 WHERE id IN (344582,344583,344584,344982,344983,344984)

BNOVO_UNRESERVED_117122024-07-31 10:29:38:
UPDATE b_hlbd_room_offers SET UF_RESERVED=1 WHERE id IN (1355715,1355716,1357179,1357180)

BNOVO_UNRESERVED_117122024-07-31 10:29:38:
UPDATE b_hlbd_room_offers SET UF_RESERVED=1 WHERE id IN (1355715,1355716,1357179,1357180)

BNOVO_UNRESERVED_117122024-07-31 11:39:04:
UPDATE b_hlbd_room_offers SET UF_RESERVED=1 WHERE id IN (342596,342597,342996,342997)

BNOVO_UNRESERVED_117122024-07-31 12:49:24:
UPDATE b_hlbd_room_offers SET UF_RESERVED=1 WHERE id IN (1357542,1357908)

BNOVO_UNRESERVED_117122024-07-31 15:57:31:
UPDATE b_hlbd_room_offers SET UF_RESERVED=1 WHERE id IN (1354643,1354644,1354645)

BNOVO_UNRESERVED_117122024-07-31 16:20:15:
UPDATE b_hlbd_room_offers SET UF_RESERVED=1 WHERE id IN (1356443,1356444)

BNOVO_UNRESERVED_117122024-07-31 17:24:41:
UPDATE b_hlbd_room_offers SET UF_RESERVED=1 WHERE id IN (1357544,1357910)

BNOVO_UNRESERVED_117122024-07-31 20:56:28:
UPDATE b_hlbd_room_offers SET UF_RESERVED=1 WHERE id IN (340230,340231,340630,340631)

BNOVO_UNRESERVED_117122024-07-31 21:07:50:
UPDATE b_hlbd_room_offers SET UF_RESERVED=1 WHERE id IN (1356154,1356155,1356886,1356887)

BNOVO_UNRESERVED_117122024-07-31 21:14:46:
UPDATE b_hlbd_room_offers SET UF_RESERVED=1 WHERE id IN (1356154,1356155,1356886,1356887)

BNOVO_UNRESERVED_117122024-07-31 21:32:15:
UPDATE b_hlbd_room_offers SET UF_RESERVED=1 WHERE id IN (1356091,1356092,1356823,1356824)

BNOVO_UNRESERVED_117122024-07-31 23:40:55:
UPDATE b_hlbd_room_offers SET UF_RESERVED=1 WHERE id IN (1356087,1356088,1356819,1356820)

BNOVO_UNRESERVED_117122024-08-01 10:31:37:
UPDATE b_hlbd_room_offers SET UF_RESERVED=1 WHERE id IN (341005,341405)

BNOVO_UNRESERVED_117122024-08-01 12:20:26:
UPDATE b_hlbd_room_offers SET UF_RESERVED=1 WHERE id IN (1354618)

BNOVO_UNRESERVED_117122024-08-01 12:20:26:
UPDATE b_hlbd_room_offers SET UF_RESERVED=1 WHERE id IN (1354618)

BNOVO_UNRESERVED_117122024-08-01 12:43:09:
UPDATE b_hlbd_room_offers SET UF_RESERVED=1 WHERE id IN (1354988,1354989,1355354,1355355)

BNOVO_UNRESERVED_117122024-08-01 12:43:09:
UPDATE b_hlbd_room_offers SET UF_RESERVED=1 WHERE id IN (1354988,1354989,1355354,1355355)

BNOVO_UNRESERVED_117122024-08-01 12:52:54:
UPDATE b_hlbd_room_offers SET UF_RESERVED=1 WHERE id IN (1356079,1356811)

BNOVO_UNRESERVED_117122024-08-01 13:35:45:
UPDATE b_hlbd_room_offers SET UF_RESERVED=1 WHERE id IN (1358276,1358642)

BNOVO_UNRESERVED_117122024-08-01 14:02:51:
UPDATE b_hlbd_room_offers SET UF_RESERVED=1 WHERE id IN (1355728,1357192)

BNOVO_UNRESERVED_117122024-08-01 14:48:22:
UPDATE b_hlbd_room_offers SET UF_RESERVED=1 WHERE id IN (1354031,1354032,1354033,1354034,1354035,1354397,1354398,1354399,1354400,1354401,1355494,1355495,1355496,1355497,1355498,1355499)

BNOVO_UNRESERVED_117122024-08-01 15:39:28:
UPDATE b_hlbd_room_offers SET UF_RESERVED=1 WHERE id IN (1575455,1575456,1575821,1575822)

BNOVO_UNRESERVED_117122024-08-01 15:50:30:
UPDATE b_hlbd_room_offers SET UF_RESERVED=1 WHERE id IN (340183,340184,340583,340584)

BNOVO_UNRESERVED_117122024-08-01 16:36:00:
UPDATE b_hlbd_room_offers SET UF_RESERVED=1 WHERE id IN (1356100,1356101,1356832,1356833)

BNOVO_UNRESERVED_117122024-08-01 16:57:51:
UPDATE b_hlbd_room_offers SET UF_RESERVED=1 WHERE id IN (344579,344979)

BNOVO_UNRESERVED_117122024-08-01 17:37:40:
UPDATE b_hlbd_room_offers SET UF_RESERVED=1 WHERE id IN (344594,344595,344994,344995)

BNOVO_UNRESERVED_117122024-08-01 18:12:22:
UPDATE b_hlbd_room_offers SET UF_RESERVED=1 WHERE id IN (1354621,1354622)

BNOVO_UNRESERVED_117122024-08-01 21:30:02:
UPDATE b_hlbd_room_offers SET UF_RESERVED=1 WHERE id IN (1575452,1575453,1575818,1575819)

BNOVO_UNRESERVED_117122024-08-01 21:48:45:
UPDATE b_hlbd_room_offers SET UF_RESERVED=1 WHERE id IN (1353158,1353159,1353524,1353525)

BNOVO_UNRESERVED_117122024-08-01 22:07:02:
UPDATE b_hlbd_room_offers SET UF_RESERVED=1 WHERE id IN (341016,341017,341416,341417)

BNOVO_UNRESERVED_117122024-08-01 22:13:08:
UPDATE b_hlbd_room_offers SET UF_RESERVED=1 WHERE id IN (340186,340586)

BNOVO_UNRESERVED_117122024-08-01 23:29:34:
UPDATE b_hlbd_room_offers SET UF_RESERVED=1 WHERE id IN (342585,342985)

