userbalance:
'5000'

$difference:
-5000

$doublePayment:
false

userbalance:
'5000'

$difference:
14320

$doublePayment:
true

userbalance:
'25000'

$difference:
-9000

$doublePayment:
false

userbalance:
'10000'

$difference:
6800

$doublePayment:
true

$doublePayment:
false

$doublePayment:
false

$doublePayment:
false

userbalance:
'9000'

$difference:
-600

$doublePayment:
false

userbalance:
'50000'

$difference:
-19000

$doublePayment:
false

userbalance:
'19000'

$difference:
1000

$doublePayment:
true

userbalance:
'50000'

$difference:
-19000

$doublePayment:
false

$doublePayment:
false

$doublePayment:
false

userbalance:
'40000'

$difference:
-4000

$doublePayment:
false

userbalance:
'15000'

$difference:
1780

$doublePayment:
true

userbalance:
'10000'

$difference:
2650

$doublePayment:
true

$doublePayment:
false

$doublePayment:
false

userbalance:
'10000'

$difference:
800

$doublePayment:
true

userbalance:
'20000'

$difference:
-1000

$doublePayment:
false

userbalance:
'5500'

$difference:
2200

$doublePayment:
true

$doublePayment:
false

userbalance:
'15000'

$difference:
-1200

$doublePayment:
false

$doublePayment:
false

$doublePayment:
false

$doublePayment:
false

userbalance:
'20000'

$difference:
3390

$doublePayment:
true

userbalance:
'15000'

$difference:
-1510

$doublePayment:
false

userbalance:
'15000'

$difference:
-11000

$doublePayment:
false

$doublePayment:
false

userbalance:
'15000'

$difference:
-1000

$doublePayment:
false

userbalance:
'15000'

$difference:
53000

$doublePayment:
true

$doublePayment:
false

userbalance:
'15000'

$difference:
2125

$doublePayment:
true

userbalance:
'15000'

$difference:
2125

$doublePayment:
true

$doublePayment:
false

userbalance:
'49900'

$difference:
-41900

$doublePayment:
false

userbalance:
'41900'

$difference:
-33900

$doublePayment:
false

userbalance:
'10000'

$difference:
3800

$doublePayment:
true

$doublePayment:
false

$doublePayment:
false

userbalance:
'20000'

$difference:
12000

$doublePayment:
true

$doublePayment:
false

$doublePayment:
false

$doublePayment:
false

userbalance:
'33900'

$difference:
-33900

$doublePayment:
false

userbalance:
'40000'

$difference:
3600

$doublePayment:
true

userbalance:
'40000'

$difference:
3600

$doublePayment:
true

userbalance:
'40000'

$difference:
-40000

$doublePayment:
false

userbalance:
'40000'

$difference:
3600

$doublePayment:
true

userbalance:
'40000'

$difference:
3600

$doublePayment:
true

$doublePayment:
false

$doublePayment:
false

$doublePayment:
false

$doublePayment:
false

$doublePayment:
false

$doublePayment:
false

$doublePayment:
false

$doublePayment:
false

$doublePayment:
false

$doublePayment:
false

userbalance:
'30000'

$difference:
4400

$doublePayment:
true

userbalance:
'11000'

$difference:
-1100

$doublePayment:
false

userbalance:
'5000'

$difference:
2000

$doublePayment:
true

$doublePayment:
false

userbalance:
'20000'

$difference:
3000

$doublePayment:
true

$doublePayment:
false

$doublePayment:
false

$doublePayment:
false

userbalance:
'10000'

$difference:
7900

$doublePayment:
true

userbalance:
'10000'

$difference:
7900

$doublePayment:
true

$doublePayment:
false

$doublePayment:
false

userbalance:
'11000'

$difference:
-6000

$doublePayment:
false

userbalance:
'14000'

$difference:
0

$doublePayment:
false

userbalance:
'17125'

$difference:
-625

$doublePayment:
false

$doublePayment:
false

$doublePayment:
false

$doublePayment:
false

$doublePayment:
false

$doublePayment:
false

$doublePayment:
false

$doublePayment:
false

$doublePayment:
false

$doublePayment:
false

userbalance:
'10000'

$difference:
5900

$doublePayment:
true

$doublePayment:
false

$doublePayment:
false

$doublePayment:
false

$doublePayment:
false

userbalance:
'3000'

$difference:
540

$doublePayment:
true

$doublePayment:
false

$doublePayment:
false

userbalance:
'22560'

$difference:
-7360

$doublePayment:
false

userbalance:
'10000'

$difference:
6800

$doublePayment:
true

$doublePayment:
false

$doublePayment:
false

userbalance:
'20000'

$difference:
13350

$doublePayment:
true

userbalance:
'20000'

$difference:
-2000

$doublePayment:
false

$doublePayment:
false

$doublePayment:
false

$doublePayment:
false

$doublePayment:
false

$doublePayment:
false

$doublePayment:
false

$doublePayment:
false

$doublePayment:
false

$doublePayment:
false

$doublePayment:
false

userbalance:
'15000'

$difference:
1000

$doublePayment:
true

userbalance:
'5000'

$difference:
2700

$doublePayment:
true

$doublePayment:
false

$doublePayment:
false

userbalance:
'15000'

$difference:
-750

$doublePayment:
false

userbalance:
'41000'

$difference:
-41000

$doublePayment:
false

$doublePayment:
false

userbalance:
'20000'

$difference:
2000

$doublePayment:
true

$doublePayment:
false

$doublePayment:
false

$doublePayment:
false

$doublePayment:
false

$doublePayment:
false

$doublePayment:
false

$doublePayment:
false

$doublePayment:
false

$doublePayment:
false

$doublePayment:
false

userbalance:
'20000'

$difference:
-3200

$doublePayment:
false

$doublePayment:
false

userbalance:
'10000'

$difference:
5000

$doublePayment:
true

userbalance:
'6000'

$difference:
17520

$doublePayment:
true

userbalance:
'15000'

$difference:
200

$doublePayment:
true

$doublePayment:
false

$doublePayment:
false

userbalance:
'10000'

$difference:
-10

$doublePayment:
false

$doublePayment:
false

$doublePayment:
false

userbalance:
'3900'

$difference:
6090

$doublePayment:
true

userbalance:
'7360'

$difference:
-460

$doublePayment:
false

userbalance:
'460'

$difference:
20540

$doublePayment:
true

$doublePayment:
false

$doublePayment:
false

$doublePayment:
false

$doublePayment:
false

userbalance:
'10000'

$difference:
5238

$doublePayment:
true

$doublePayment:
false

userbalance:
'40000'

$difference:
-40000

$doublePayment:
false

userbalance:
'15238'

$difference:
0

$doublePayment:
false

userbalance:
'32000'

$difference:
7000

$doublePayment:
true

userbalance:
'32000'

$difference:
7000

$doublePayment:
true

$doublePayment:
false

$doublePayment:
false

$doublePayment:
false

$doublePayment:
false

$doublePayment:
false

userbalance:
'5000'

$difference:
-5000

$doublePayment:
false

userbalance:
'10000'

$difference:
2262

$doublePayment:
true

$doublePayment:
false

userbalance:
'10000'

$difference:
14000

$doublePayment:
true

userbalance:
'6000'

$difference:
5000

$doublePayment:
true

$doublePayment:
false

$doublePayment:
false

$doublePayment:
false

userbalance:
'25000'

$difference:
-12000

$doublePayment:
false

userbalance:
'12000'

$difference:
-4065

$doublePayment:
false

userbalance:
'7520'

$difference:
2470

$doublePayment:
true

userbalance:
'7520'

$difference:
2470

$doublePayment:
true

userbalance:
'15000'

$difference:
0

$doublePayment:
false

userbalance:
'40000'

$difference:
-4020

$doublePayment:
false

$doublePayment:
false

$doublePayment:
false

$doublePayment:
false

userbalance:
'10000'

$difference:
8050

$doublePayment:
true

$doublePayment:
false

userbalance:
'10000'

$difference:
1000

$doublePayment:
true

userbalance:
'20000'

$difference:
10000

$doublePayment:
true

userbalance:
'20000'

$difference:
10000

$doublePayment:
true

$doublePayment:
false

$doublePayment:
false

$doublePayment:
false

$doublePayment:
false

$doublePayment:
false

$doublePayment:
false

userbalance:
'30000'

$difference:
5980

$doublePayment:
true

userbalance:
'30000'

$difference:
5980

$doublePayment:
true

userbalance:
'15000'

$difference:
12800

$doublePayment:
true

$doublePayment:
false

$doublePayment:
false

userbalance:
'19000'

$difference:
-9000

$doublePayment:
false

userbalance:
'10000'

$difference:
10150

$doublePayment:
true

userbalance:
'10000'

$difference:
10150

$doublePayment:
true

userbalance:
'10000'

$difference:
10150

$doublePayment:
true

$doublePayment:
false

userbalance:
'10000'

$difference:
3320

$doublePayment:
true

$doublePayment:
false

$doublePayment:
false

userbalance:
'10000'

$difference:
12000

$doublePayment:
true

$doublePayment:
false

userbalance:
'15000'

$difference:
10200

$doublePayment:
true

userbalance:
'3000'

$difference:
2500

$doublePayment:
true

userbalance:
'50000'

$difference:
5000

$doublePayment:
true

userbalance:
'33333'

$difference:
-5733

$doublePayment:
false

$doublePayment:
false

userbalance:
'19000'

$difference:
8485

$doublePayment:
true

$doublePayment:
false

$doublePayment:
false

$doublePayment:
false

$doublePayment:
false

userbalance:
'20000'

$difference:
12750

$doublePayment:
true

$doublePayment:
false

$doublePayment:
false

$doublePayment:
false

$doublePayment:
false

$doublePayment:
false

userbalance:
'5000'

$difference:
3000

$doublePayment:
true

$doublePayment:
false

userbalance:
'10000'

$difference:
5200

$doublePayment:
true

userbalance:
'10000'

$difference:
17980

$doublePayment:
true

$doublePayment:
false

userbalance:
'10000'

$difference:
17980

$doublePayment:
true

$doublePayment:
false

$doublePayment:
false

$doublePayment:
false

$doublePayment:
false

userbalance:
'25000'

$difference:
1450

$doublePayment:
true

userbalance:
'25000'

$difference:
1450

$doublePayment:
true

$doublePayment:
false

$doublePayment:
false

$doublePayment:
false

userbalance:
'100000'

$difference:
-66920

$doublePayment:
false

$doublePayment:
false

userbalance:
'5000'

$difference:
17500

$doublePayment:
true

$doublePayment:
false

$doublePayment:
false

userbalance:
'80000'

$difference:
-5000

$doublePayment:
false

$doublePayment:
false

$doublePayment:
false

userbalance:
'30000'

$difference:
5980

$doublePayment:
true

$doublePayment:
false

$doublePayment:
false

$doublePayment:
false

$doublePayment:
false

$doublePayment:
false

$doublePayment:
false

userbalance:
'10000'

$difference:
2000

$doublePayment:
true

$doublePayment:
false

$doublePayment:
false

$doublePayment:
false

userbalance:
'10000'

$difference:
5000

$doublePayment:
true

$doublePayment:
false

$doublePayment:
false

$doublePayment:
false

$doublePayment:
false

$doublePayment:
false

$doublePayment:
false

$doublePayment:
false

$doublePayment:
false

$doublePayment:
false

$doublePayment:
false

userbalance:
'10000'

$difference:
6000

$doublePayment:
true

$doublePayment:
false

$doublePayment:
false

$doublePayment:
false

$doublePayment:
false

$doublePayment:
false

$doublePayment:
false

$doublePayment:
false

userbalance:
'40000'

$difference:
2000

$doublePayment:
true

$doublePayment:
false

userbalance:
'10000'

$difference:
27000

$doublePayment:
true

userbalance:
'10000'

$difference:
27000

$doublePayment:
true

$doublePayment:
false

$doublePayment:
false

$doublePayment:
false

userbalance:
'15000'

$difference:
9800

$doublePayment:
true

userbalance:
'3500'

$difference:
4100

$doublePayment:
true

userbalance:
'20000'

$difference:
29700

$doublePayment:
true

$doublePayment:
false

$doublePayment:
false

$doublePayment:
false

$doublePayment:
false

$doublePayment:
false

$doublePayment:
false

$doublePayment:
false

userbalance:
'5700'

$difference:
10400

$doublePayment:
true

userbalance:
'10000'

$difference:
5540

$doublePayment:
true

userbalance:
'30000'

$difference:
1600

$doublePayment:
true

$doublePayment:
false

$doublePayment:
false

$doublePayment:
false

$doublePayment:
false

$doublePayment:
false

userbalance:
'41000'

$difference:
8854

$doublePayment:
true

$doublePayment:
false

$doublePayment:
false

$doublePayment:
false

userbalance:
'10000'

$difference:
12040

$doublePayment:
true

$doublePayment:
false

userbalance:
'20000'

$difference:
12804

$doublePayment:
true

userbalance:
'20000'

$difference:
2200

$doublePayment:
true

$doublePayment:
false

$doublePayment:
false

$doublePayment:
false

$doublePayment:
false

$doublePayment:
false

userbalance:
'35000'

$difference:
1000

$doublePayment:
true

userbalance:
'35000'

$difference:
1000

$doublePayment:
true

$doublePayment:
false

$doublePayment:
false

$doublePayment:
false

$doublePayment:
false

$doublePayment:
false

$doublePayment:
false

$doublePayment:
false

$doublePayment:
false

$doublePayment:
false

$doublePayment:
false

$doublePayment:
false

$doublePayment:
false

$doublePayment:
false

$doublePayment:
false

$doublePayment:
false

$doublePayment:
false

$doublePayment:
false

$doublePayment:
false

$doublePayment:
false

$doublePayment:
false

$doublePayment:
false

$doublePayment:
false

$doublePayment:
false

$doublePayment:
false

$doublePayment:
false

$doublePayment:
false

$doublePayment:
false

$doublePayment:
false

$doublePayment:
false

$doublePayment:
false

$doublePayment:
false

$doublePayment:
false

$doublePayment:
false

$doublePayment:
false

$doublePayment:
false

$doublePayment:
false

$doublePayment:
false

$doublePayment:
false

$doublePayment:
false

$doublePayment:
false

userbalance:
'8000'

$difference:
10700

$doublePayment:
true

$doublePayment:
false

$doublePayment:
false

$doublePayment:
false

$doublePayment:
false

$doublePayment:
false

$doublePayment:
false

$doublePayment:
false

$doublePayment:
false

$doublePayment:
false

$doublePayment:
false

$doublePayment:
false

$doublePayment:
false

$doublePayment:
false

$doublePayment:
false

$doublePayment:
false

$doublePayment:
false

$doublePayment:
false

$doublePayment:
false

$doublePayment:
false

$doublePayment:
false

$doublePayment:
false

$doublePayment:
false

$doublePayment:
false

$doublePayment:
false

$doublePayment:
false

$doublePayment:
false

$doublePayment:
false

userbalance:
'6000'

$difference:
3000

$doublePayment:
true

$doublePayment:
false

$doublePayment:
false

$doublePayment:
false

$doublePayment:
false

$doublePayment:
false

$doublePayment:
false

$doublePayment:
false

$doublePayment:
false

$doublePayment:
false

$doublePayment:
false

$doublePayment:
false

$doublePayment:
false

$doublePayment:
false

$doublePayment:
false

$doublePayment:
false

$doublePayment:
false

$doublePayment:
false

$doublePayment:
false

$doublePayment:
false

$doublePayment:
false

userbalance:
'20000'

$difference:
-7700

$doublePayment:
false

$doublePayment:
false

$doublePayment:
false

userbalance:
'20000'

$difference:
3000

$doublePayment:
true

$doublePayment:
false

$doublePayment:
false

userbalance:
'10000'

$difference:
-10000

$doublePayment:
false

$doublePayment:
false

userbalance:
'20000'

$difference:
5920

$doublePayment:
true

$doublePayment:
false

$doublePayment:
false

userbalance:
'30000'

$difference:
-30000

$doublePayment:
false

userbalance:
'30000'

$difference:
-20610

$doublePayment:
false

$doublePayment:
false

$doublePayment:
false

$doublePayment:
false

$doublePayment:
false

userbalance:
'12000'

$difference:
13500

$doublePayment:
true

userbalance:
'20000'

$difference:
24400

$doublePayment:
true

userbalance:
'50000'

$difference:
-18500

$doublePayment:
false

$doublePayment:
false

userbalance:
'17000'

$difference:
1000

$doublePayment:
true

$doublePayment:
false

$doublePayment:
false

$doublePayment:
false

userbalance:
'15000'

$difference:
3400

$doublePayment:
true

$doublePayment:
false

$doublePayment:
false

userbalance:
'20000'

$difference:
520

$doublePayment:
true

userbalance:
'13000'

$difference:
14600

$doublePayment:
true

$doublePayment:
false

$doublePayment:
false

$doublePayment:
false

$doublePayment:
false

$doublePayment:
false

$doublePayment:
false

$doublePayment:
false

$doublePayment:
false

userbalance:
'10000'

$difference:
2000

$doublePayment:
true

$doublePayment:
false

$doublePayment:
false

userbalance:
'20000'

$difference:
12760

$doublePayment:
true

$doublePayment:
false

$doublePayment:
false

$doublePayment:
false

$doublePayment:
false

$doublePayment:
false

$doublePayment:
false

$doublePayment:
false

$doublePayment:
false

userbalance:
'10000'

$difference:
13730

$doublePayment:
true

userbalance:
'10000'

$difference:
-10000

$doublePayment:
false

