{"event":{"type":"Order","timestamp":"2025-03-06 12:51:34 +03:00","changeSource":"website"},"data":{"orderId":1565840,"serviceId":42061095,"changes":["serviceStatus"],"referenceId":"2553"}}array (
  'HOSTNAME' => '9a85258f0947',
  'PHP_INI_DIR' => '/usr/local/etc/php',
  'HOME' => '/home/webdemo',
  'PHP_LDFLAGS' => '-Wl,-O1 -pie',
  'PHP_CFLAGS' => '-fstack-protector-strong -fpic -fpie -O2 -D_LARGEFILE_SOURCE -D_FILE_OFFSET_BITS=64',
  'PHP_VERSION' => '8.1.23',
  'GPG_KEYS' => '528995BFEDFBA7191D46839EF9BA0ADA31CBD89E 39B641343D8C104B2B146DC3F9C39DC0B9698544 F1F692238FBC1666E5A5CCD4199F9DFEF6FFBAFD',
  'PHP_CPPFLAGS' => '-fstack-protector-strong -fpic -fpie -O2 -D_LARGEFILE_SOURCE -D_FILE_OFFSET_BITS=64',
  'PHP_ASC_URL' => 'https://www.php.net/distributions/php-8.1.23.tar.xz.asc',
  'PHP_URL' => 'https://www.php.net/distributions/php-8.1.23.tar.xz',
  'PATH' => '/usr/local/sbin:/usr/local/bin:/usr/sbin:/usr/bin:/sbin:/bin',
  'PHPIZE_DEPS' => 'autoconf 		dpkg-dev 		file 		g++ 		gcc 		libc-dev 		make 		pkg-config 		re2c',
  'PWD' => '/var/www',
  'PHP_SHA256' => 'fc48422fa7e75bb45916fc192a9f9728cb38bb2b5858572c51ea15825326360c',
  'USER' => 'webdemo',
  'HTTP_ACCEPT_ENCODING' => 'gzip',
  'HTTP_SIGNATURE_SHA256' => '7b7d8c6f36890a682e2b016c4cb5de9d7bc83c161f8042d09cf51119e1166697',
  'HTTP_CONTENT_TYPE' => 'application/json',
  'HTTP_USER_AGENT' => 'Go-http-client/1.1',
  'HTTP_CONTENT_LENGTH' => '189',
  'HTTP_X_REAL_IP' => '51.250.78.91',
  'HTTP_X_FORWARDED_FOR' => '51.250.78.91',
  'HTTP_X_FORWARDED_PROTO' => 'http',
  'HTTP_X_FORWARDED_SCHEME' => 'http',
  'HTTP_HOST' => 'naturalist.addamant.ru',
  'SCRIPT_FILENAME' => '/var/www/webdemo/www/naturalist.addamant.ru/bitrix/urlrewrite.php',
  'REDIRECT_STATUS' => '200',
  'SERVER_NAME' => 'naturalist.addamant.ru',
  'SERVER_PORT' => '80',
  'SERVER_ADDR' => '172.29.0.10',
  'REMOTE_PORT' => '60540',
  'REMOTE_ADDR' => '172.29.0.5',
  'SERVER_SOFTWARE' => 'nginx/1.24.0',
  'GATEWAY_INTERFACE' => 'CGI/1.1',
  'REQUEST_SCHEME' => 'http',
  'SERVER_PROTOCOL' => 'HTTP/1.1',
  'DOCUMENT_ROOT' => '/var/www/webdemo/www/naturalist.addamant.ru',
  'DOCUMENT_URI' => '/api/bronevik/orders',
  'REQUEST_URI' => '/api/bronevik/orders',
  'SCRIPT_NAME' => '/api/bronevik/orders',
  'CONTENT_LENGTH' => '189',
  'CONTENT_TYPE' => 'application/json',
  'REQUEST_METHOD' => 'POST',
  'QUERY_STRING' => 'resource=bronevik&orders',
  'FCGI_ROLE' => 'RESPONDER',
  'PHP_SELF' => '/api/bronevik/orders',
  'REQUEST_TIME_FLOAT' => 1741254706.088427,
  'REQUEST_TIME' => 1741254706,
  'argv' => 
  array (
  ),
  'argc' => 0,
  'REAL_FILE_PATH' => '/api/index.php',
)